\BOOKMARK [1][-]{section.1}{Introduction}{}% 1
\BOOKMARK [1][-]{section.2}{Project Overview}{}% 2
\BOOKMARK [2][-]{subsection.2.1}{Goal of the Project}{section.2}% 3
\BOOKMARK [2][-]{subsection.2.2}{Features}{section.2}% 4
\BOOKMARK [1][-]{section.3}{How To Use}{}% 5
\BOOKMARK [2][-]{subsection.3.1}{Tracking game objects}{section.3}% 6
\BOOKMARK [2][-]{subsection.3.2}{Generating the heat map}{section.3}% 7
\BOOKMARK [1][-]{section.4}{Overview of the Plug-in}{}% 8
\BOOKMARK [2][-]{subsection.4.1}{Editor}{section.4}% 9
\BOOKMARK [2][-]{subsection.4.2}{Plugins}{section.4}% 10
\BOOKMARK [2][-]{subsection.4.3}{Prefabs}{section.4}% 11
\BOOKMARK [2][-]{subsection.4.4}{Scripts}{section.4}% 12
\BOOKMARK [1][-]{section.5}{Testing}{}% 13
\BOOKMARK [2][-]{subsection.5.1}{Games}{section.5}% 14
\BOOKMARK [3][-]{subsubsection.5.1.1}{Hiraeth}{subsection.5.1}% 15
\BOOKMARK [3][-]{subsubsection.5.1.2}{Angry Bots}{subsection.5.1}% 16
\BOOKMARK [3][-]{subsubsection.5.1.3}{2D Platformer}{subsection.5.1}% 17
\BOOKMARK [2][-]{subsection.5.2}{Performance}{section.5}% 18
\BOOKMARK [3][-]{subsubsection.5.2.1}{Object tracking}{subsection.5.2}% 19
\BOOKMARK [3][-]{subsubsection.5.2.2}{Generating the heat map}{subsection.5.2}% 20
\BOOKMARK [1][-]{section.6}{Issues}{}% 21
\BOOKMARK [2][-]{subsection.6.1}{Data from multiple files}{section.6}% 22
\BOOKMARK [2][-]{subsection.6.2}{Performance of heat map generation}{section.6}% 23
\BOOKMARK [2][-]{subsection.6.3}{Object names when tracking}{section.6}% 24
\BOOKMARK [2][-]{subsection.6.4}{Unity 2D tool support}{section.6}% 25
\BOOKMARK [1][-]{section.7}{Conclusion}{}% 26
\BOOKMARK [2][-]{subsection.7.1}{Future work}{section.7}% 27
